<?xml version="1.0" encoding="UTF-8"?>
<testsuite name="com.gradle.java.FizzBuzzTest" tests="1" skipped="0" failures="0" errors="0" timestamp="2021-08-19T13:12:14" hostname="Nirmals-MacBook-Pro.local" time="0.015">
  <properties/>
  <testcase name="Should return hello world" classname="com.gradle.java.FizzBuzzTest" time="0.015"/>
  <system-out><![CDATA[Hello World
]]></system-out>
  <system-err><![CDATA[]]></system-err>
</testsuite>
